[2025-08-07T03:10:31.484+0000] {manager.py:483} INFO - Processing files using up to 2 processes at a time 
[2025-08-07T03:10:31.484+0000] {manager.py:484} INFO - Process each file at most once every 30 seconds
[2025-08-07T03:10:31.485+0000] {manager.py:485} INFO - Checking for new files in /opt/airflow/dags every 300 seconds
[2025-08-07T03:10:31.485+0000] {manager.py:821} INFO - Searching for files in /opt/airflow/dags
[2025-08-07T03:10:31.488+0000] {manager.py:824} INFO - There are 0 files in /opt/airflow/dags
[2025-08-07T03:10:43.428+0000] {manager.py:465} INFO - Exiting gracefully upon receiving signal 15
[2025-08-07T03:13:55.115+0000] {manager.py:483} INFO - Processing files using up to 2 processes at a time 
[2025-08-07T03:13:55.118+0000] {manager.py:484} INFO - Process each file at most once every 30 seconds
[2025-08-07T03:13:55.124+0000] {manager.py:485} INFO - Checking for new files in /opt/airflow/dags every 300 seconds
[2025-08-07T03:13:55.206+0000] {manager.py:821} INFO - Searching for files in /opt/airflow/dags
[2025-08-07T03:13:55.214+0000] {manager.py:824} INFO - There are 0 files in /opt/airflow/dags
[2025-08-07T03:18:55.603+0000] {manager.py:821} INFO - Searching for files in /opt/airflow/dags
[2025-08-07T03:18:55.606+0000] {manager.py:824} INFO - There are 0 files in /opt/airflow/dags
[2025-08-07T03:23:56.222+0000] {manager.py:821} INFO - Searching for files in /opt/airflow/dags
[2025-08-07T03:23:56.225+0000] {manager.py:824} INFO - There are 0 files in /opt/airflow/dags
[2025-08-07T03:28:56.561+0000] {manager.py:821} INFO - Searching for files in /opt/airflow/dags
[2025-08-07T03:28:56.564+0000] {manager.py:824} INFO - There are 0 files in /opt/airflow/dags
[2025-08-07T03:33:57.142+0000] {manager.py:821} INFO - Searching for files in /opt/airflow/dags
[2025-08-07T03:33:57.145+0000] {manager.py:824} INFO - There are 0 files in /opt/airflow/dags
[2025-08-07T03:38:58.026+0000] {manager.py:821} INFO - Searching for files in /opt/airflow/dags
[2025-08-07T03:38:58.032+0000] {manager.py:824} INFO - There are 0 files in /opt/airflow/dags
[2025-08-07T03:46:52.154+0000] {manager.py:821} INFO - Searching for files in /opt/airflow/dags
[2025-08-07T03:46:52.157+0000] {manager.py:824} INFO - There are 0 files in /opt/airflow/dags
[2025-08-07T03:51:53.141+0000] {manager.py:821} INFO - Searching for files in /opt/airflow/dags
[2025-08-07T03:51:53.142+0000] {manager.py:824} INFO - There are 0 files in /opt/airflow/dags
[2025-08-07T03:56:53.632+0000] {manager.py:821} INFO - Searching for files in /opt/airflow/dags
[2025-08-07T03:56:53.635+0000] {manager.py:824} INFO - There are 0 files in /opt/airflow/dags
[2025-08-07T04:01:54.627+0000] {manager.py:821} INFO - Searching for files in /opt/airflow/dags
[2025-08-07T04:01:54.630+0000] {manager.py:824} INFO - There are 0 files in /opt/airflow/dags
[2025-08-07T04:07:02.646+0000] {manager.py:821} INFO - Searching for files in /opt/airflow/dags
[2025-08-07T04:07:02.648+0000] {manager.py:824} INFO - There are 0 files in /opt/airflow/dags
[2025-08-07T04:26:42.282+0000] {manager.py:821} INFO - Searching for files in /opt/airflow/dags
[2025-08-07T04:26:42.285+0000] {manager.py:824} INFO - There are 0 files in /opt/airflow/dags
[2025-08-07T04:35:55.282+0000] {manager.py:821} INFO - Searching for files in /opt/airflow/dags
[2025-08-07T04:35:55.285+0000] {manager.py:824} INFO - There are 0 files in /opt/airflow/dags
[2025-08-07T04:40:56.063+0000] {manager.py:821} INFO - Searching for files in /opt/airflow/dags
[2025-08-07T04:40:56.066+0000] {manager.py:824} INFO - There are 0 files in /opt/airflow/dags
[2025-08-07T04:45:56.678+0000] {manager.py:821} INFO - Searching for files in /opt/airflow/dags
[2025-08-07T04:45:56.680+0000] {manager.py:824} INFO - There are 0 files in /opt/airflow/dags
[2025-08-07T04:50:57.222+0000] {manager.py:821} INFO - Searching for files in /opt/airflow/dags
[2025-08-07T04:50:57.226+0000] {manager.py:824} INFO - There are 0 files in /opt/airflow/dags
[2025-08-07T04:55:57.358+0000] {manager.py:821} INFO - Searching for files in /opt/airflow/dags
[2025-08-07T04:55:57.363+0000] {manager.py:824} INFO - There are 0 files in /opt/airflow/dags
[2025-08-07T05:01:54.307+0000] {manager.py:821} INFO - Searching for files in /opt/airflow/dags
[2025-08-07T05:01:54.309+0000] {manager.py:824} INFO - There are 0 files in /opt/airflow/dags
[2025-08-07T05:06:55.251+0000] {manager.py:821} INFO - Searching for files in /opt/airflow/dags
[2025-08-07T05:06:55.255+0000] {manager.py:824} INFO - There are 0 files in /opt/airflow/dags
[2025-08-07T05:11:55.857+0000] {manager.py:821} INFO - Searching for files in /opt/airflow/dags
[2025-08-07T05:11:55.860+0000] {manager.py:824} INFO - There are 0 files in /opt/airflow/dags
[2025-08-07T05:16:56.612+0000] {manager.py:821} INFO - Searching for files in /opt/airflow/dags
[2025-08-07T05:16:56.614+0000] {manager.py:824} INFO - There are 0 files in /opt/airflow/dags
[2025-08-07T05:21:57.082+0000] {manager.py:821} INFO - Searching for files in /opt/airflow/dags
[2025-08-07T05:21:57.085+0000] {manager.py:824} INFO - There are 0 files in /opt/airflow/dags
[2025-08-07T05:26:57.728+0000] {manager.py:821} INFO - Searching for files in /opt/airflow/dags
[2025-08-07T05:26:57.736+0000] {manager.py:824} INFO - There are 0 files in /opt/airflow/dags
[2025-08-07T05:31:58.042+0000] {manager.py:821} INFO - Searching for files in /opt/airflow/dags
[2025-08-07T05:31:58.049+0000] {manager.py:824} INFO - There are 0 files in /opt/airflow/dags
[2025-08-07T05:36:59.044+0000] {manager.py:821} INFO - Searching for files in /opt/airflow/dags
[2025-08-07T05:36:59.051+0000] {manager.py:824} INFO - There are 0 files in /opt/airflow/dags
[2025-08-07T05:44:14.505+0000] {manager.py:821} INFO - Searching for files in /opt/airflow/dags
[2025-08-07T05:44:14.506+0000] {manager.py:824} INFO - There are 0 files in /opt/airflow/dags
[2025-08-07T05:50:59.985+0000] {manager.py:821} INFO - Searching for files in /opt/airflow/dags
[2025-08-07T05:50:59.989+0000] {manager.py:824} INFO - There are 0 files in /opt/airflow/dags
[2025-08-07T06:07:54.152+0000] {manager.py:821} INFO - Searching for files in /opt/airflow/dags
[2025-08-07T06:07:54.156+0000] {manager.py:824} INFO - There are 0 files in /opt/airflow/dags
[2025-08-07T06:13:01.661+0000] {manager.py:821} INFO - Searching for files in /opt/airflow/dags
[2025-08-07T06:13:01.664+0000] {manager.py:824} INFO - There are 0 files in /opt/airflow/dags
[2025-08-07T06:18:05.896+0000] {manager.py:821} INFO - Searching for files in /opt/airflow/dags
[2025-08-07T06:18:05.898+0000] {manager.py:824} INFO - There are 0 files in /opt/airflow/dags
[2025-08-07T06:27:18.241+0000] {manager.py:821} INFO - Searching for files in /opt/airflow/dags
[2025-08-07T06:27:18.246+0000] {manager.py:824} INFO - There are 0 files in /opt/airflow/dags
[2025-08-07T06:33:19.203+0000] {manager.py:821} INFO - Searching for files in /opt/airflow/dags
[2025-08-07T06:33:19.206+0000] {manager.py:824} INFO - There are 0 files in /opt/airflow/dags
[2025-08-07T06:53:43.836+0000] {manager.py:821} INFO - Searching for files in /opt/airflow/dags
[2025-08-07T06:53:43.837+0000] {manager.py:824} INFO - There are 0 files in /opt/airflow/dags
[2025-08-07T07:07:48.973+0000] {manager.py:821} INFO - Searching for files in /opt/airflow/dags
[2025-08-07T07:07:48.975+0000] {manager.py:824} INFO - There are 0 files in /opt/airflow/dags
[2025-08-07T07:26:37.538+0000] {manager.py:821} INFO - Searching for files in /opt/airflow/dags
[2025-08-07T07:26:37.539+0000] {manager.py:824} INFO - There are 0 files in /opt/airflow/dags
[2025-08-07T07:31:37.786+0000] {manager.py:821} INFO - Searching for files in /opt/airflow/dags
[2025-08-07T07:31:37.789+0000] {manager.py:824} INFO - There are 0 files in /opt/airflow/dags
[2025-08-07T07:36:38.523+0000] {manager.py:821} INFO - Searching for files in /opt/airflow/dags
[2025-08-07T07:36:38.527+0000] {manager.py:824} INFO - There are 0 files in /opt/airflow/dags
[2025-08-07T07:41:46.681+0000] {manager.py:821} INFO - Searching for files in /opt/airflow/dags
[2025-08-07T07:41:46.683+0000] {manager.py:824} INFO - There are 0 files in /opt/airflow/dags
[2025-08-07T07:52:53.130+0000] {manager.py:821} INFO - Searching for files in /opt/airflow/dags
[2025-08-07T07:52:53.135+0000] {manager.py:824} INFO - There are 0 files in /opt/airflow/dags
[2025-08-07T08:05:46.383+0000] {manager.py:821} INFO - Searching for files in /opt/airflow/dags
[2025-08-07T08:05:46.387+0000] {manager.py:824} INFO - There are 0 files in /opt/airflow/dags
[2025-08-07T08:23:12.768+0000] {manager.py:821} INFO - Searching for files in /opt/airflow/dags
[2025-08-07T08:23:12.774+0000] {manager.py:824} INFO - There are 0 files in /opt/airflow/dags
[2025-08-07T08:42:45.475+0000] {manager.py:821} INFO - Searching for files in /opt/airflow/dags
[2025-08-07T08:42:45.484+0000] {manager.py:824} INFO - There are 0 files in /opt/airflow/dags
[2025-08-07T09:25:46.949+0000] {manager.py:821} INFO - Searching for files in /opt/airflow/dags
[2025-08-07T09:25:46.951+0000] {manager.py:824} INFO - There are 0 files in /opt/airflow/dags
[2025-08-07T09:36:48.057+0000] {manager.py:821} INFO - Searching for files in /opt/airflow/dags
[2025-08-07T09:36:48.059+0000] {manager.py:824} INFO - There are 0 files in /opt/airflow/dags
[2025-08-07T09:54:05.078+0000] {manager.py:821} INFO - Searching for files in /opt/airflow/dags
[2025-08-07T09:54:05.080+0000] {manager.py:824} INFO - There are 0 files in /opt/airflow/dags
[2025-08-07T10:05:17.438+0000] {manager.py:821} INFO - Searching for files in /opt/airflow/dags
[2025-08-07T10:05:17.439+0000] {manager.py:824} INFO - There are 0 files in /opt/airflow/dags
[2025-08-07T10:41:00.777+0000] {manager.py:821} INFO - Searching for files in /opt/airflow/dags
[2025-08-07T10:41:00.778+0000] {manager.py:824} INFO - There are 0 files in /opt/airflow/dags
[2025-08-07T10:49:50.502+0000] {manager.py:821} INFO - Searching for files in /opt/airflow/dags
[2025-08-07T10:49:50.504+0000] {manager.py:824} INFO - There are 0 files in /opt/airflow/dags
[2025-08-07T11:10:37.875+0000] {manager.py:821} INFO - Searching for files in /opt/airflow/dags
[2025-08-07T11:10:37.877+0000] {manager.py:824} INFO - There are 0 files in /opt/airflow/dags
[2025-08-07T11:15:38.401+0000] {manager.py:821} INFO - Searching for files in /opt/airflow/dags
[2025-08-07T11:15:38.404+0000] {manager.py:824} INFO - There are 0 files in /opt/airflow/dags
[2025-08-07T12:01:11.704+0000] {manager.py:821} INFO - Searching for files in /opt/airflow/dags
[2025-08-07T12:01:11.705+0000] {manager.py:824} INFO - There are 0 files in /opt/airflow/dags
[2025-08-07T12:18:45.195+0000] {manager.py:821} INFO - Searching for files in /opt/airflow/dags
[2025-08-07T12:18:45.197+0000] {manager.py:824} INFO - There are 0 files in /opt/airflow/dags
[2025-08-07T12:35:38.907+0000] {manager.py:821} INFO - Searching for files in /opt/airflow/dags
[2025-08-07T12:35:38.908+0000] {manager.py:824} INFO - There are 0 files in /opt/airflow/dags
[2025-08-07T13:22:04.811+0000] {manager.py:821} INFO - Searching for files in /opt/airflow/dags
[2025-08-07T13:22:04.813+0000] {manager.py:824} INFO - There are 0 files in /opt/airflow/dags
[2025-08-07T13:34:12.537+0000] {manager.py:821} INFO - Searching for files in /opt/airflow/dags
[2025-08-07T13:34:12.539+0000] {manager.py:824} INFO - There are 0 files in /opt/airflow/dags
[2025-08-07T13:56:48.846+0000] {manager.py:821} INFO - Searching for files in /opt/airflow/dags
[2025-08-07T13:56:48.867+0000] {manager.py:824} INFO - There are 0 files in /opt/airflow/dags
[2025-08-07T14:20:39.519+0000] {manager.py:821} INFO - Searching for files in /opt/airflow/dags
[2025-08-07T14:20:39.522+0000] {manager.py:824} INFO - There are 0 files in /opt/airflow/dags
[2025-08-07T14:49:15.918+0000] {manager.py:821} INFO - Searching for files in /opt/airflow/dags
[2025-08-07T14:49:15.922+0000] {manager.py:824} INFO - There are 0 files in /opt/airflow/dags
[2025-08-07T14:58:02.370+0000] {manager.py:821} INFO - Searching for files in /opt/airflow/dags
[2025-08-07T14:58:02.373+0000] {manager.py:824} INFO - There are 0 files in /opt/airflow/dags
[2025-08-07T15:04:02.450+0000] {manager.py:821} INFO - Searching for files in /opt/airflow/dags
[2025-08-07T15:04:02.454+0000] {manager.py:824} INFO - There are 0 files in /opt/airflow/dags
[2025-08-07T15:10:20.680+0000] {manager.py:821} INFO - Searching for files in /opt/airflow/dags
[2025-08-07T15:10:20.684+0000] {manager.py:824} INFO - There are 0 files in /opt/airflow/dags
[2025-08-07T15:15:21.502+0000] {manager.py:821} INFO - Searching for files in /opt/airflow/dags
[2025-08-07T15:15:21.505+0000] {manager.py:824} INFO - There are 0 files in /opt/airflow/dags
[2025-08-07T15:35:50.751+0000] {manager.py:821} INFO - Searching for files in /opt/airflow/dags
[2025-08-07T15:35:50.755+0000] {manager.py:824} INFO - There are 0 files in /opt/airflow/dags
[2025-08-07T16:08:04.896+0000] {manager.py:821} INFO - Searching for files in /opt/airflow/dags
[2025-08-07T16:08:04.899+0000] {manager.py:824} INFO - There are 0 files in /opt/airflow/dags
[2025-08-07T16:42:04.774+0000] {manager.py:821} INFO - Searching for files in /opt/airflow/dags
[2025-08-07T16:42:04.776+0000] {manager.py:824} INFO - There are 0 files in /opt/airflow/dags
[2025-08-07T17:15:43.975+0000] {manager.py:821} INFO - Searching for files in /opt/airflow/dags
[2025-08-07T17:15:43.979+0000] {manager.py:824} INFO - There are 0 files in /opt/airflow/dags
[2025-08-07T18:22:15.610+0000] {manager.py:821} INFO - Searching for files in /opt/airflow/dags
[2025-08-07T18:22:15.612+0000] {manager.py:824} INFO - There are 0 files in /opt/airflow/dags
[2025-08-07T19:28:12.060+0000] {manager.py:821} INFO - Searching for files in /opt/airflow/dags
[2025-08-07T19:28:12.062+0000] {manager.py:824} INFO - There are 0 files in /opt/airflow/dags
[2025-08-07T20:20:05.701+0000] {manager.py:821} INFO - Searching for files in /opt/airflow/dags
[2025-08-07T20:20:05.702+0000] {manager.py:824} INFO - There are 0 files in /opt/airflow/dags
[2025-08-07T20:31:05.627+0000] {manager.py:821} INFO - Searching for files in /opt/airflow/dags
[2025-08-07T20:31:05.629+0000] {manager.py:824} INFO - There are 0 files in /opt/airflow/dags
[2025-08-07T21:08:37.630+0000] {manager.py:821} INFO - Searching for files in /opt/airflow/dags
[2025-08-07T21:08:37.631+0000] {manager.py:824} INFO - There are 0 files in /opt/airflow/dags
[2025-08-07T21:49:13.590+0000] {manager.py:821} INFO - Searching for files in /opt/airflow/dags
[2025-08-07T21:49:13.591+0000] {manager.py:824} INFO - There are 0 files in /opt/airflow/dags
[2025-08-07T22:04:49.120+0000] {manager.py:821} INFO - Searching for files in /opt/airflow/dags
[2025-08-07T22:04:49.121+0000] {manager.py:824} INFO - There are 0 files in /opt/airflow/dags
[2025-08-07T22:18:01.337+0000] {manager.py:821} INFO - Searching for files in /opt/airflow/dags
[2025-08-07T22:18:01.342+0000] {manager.py:824} INFO - There are 0 files in /opt/airflow/dags
[2025-08-07T22:32:33.100+0000] {manager.py:821} INFO - Searching for files in /opt/airflow/dags
[2025-08-07T22:32:33.104+0000] {manager.py:824} INFO - There are 0 files in /opt/airflow/dags
[2025-08-07T23:06:44.758+0000] {manager.py:821} INFO - Searching for files in /opt/airflow/dags
[2025-08-07T23:06:44.760+0000] {manager.py:824} INFO - There are 0 files in /opt/airflow/dags
[2025-08-07T23:20:29.140+0000] {manager.py:821} INFO - Searching for files in /opt/airflow/dags
[2025-08-07T23:20:29.146+0000] {manager.py:824} INFO - There are 0 files in /opt/airflow/dags
[2025-08-07T23:25:29.754+0000] {manager.py:821} INFO - Searching for files in /opt/airflow/dags
[2025-08-07T23:25:29.757+0000] {manager.py:824} INFO - There are 0 files in /opt/airflow/dags
[2025-08-07T23:30:30.433+0000] {manager.py:821} INFO - Searching for files in /opt/airflow/dags
[2025-08-07T23:30:30.436+0000] {manager.py:824} INFO - There are 0 files in /opt/airflow/dags
[2025-08-07T23:35:31.019+0000] {manager.py:821} INFO - Searching for files in /opt/airflow/dags
[2025-08-07T23:35:31.024+0000] {manager.py:824} INFO - There are 0 files in /opt/airflow/dags
[2025-08-07T23:40:31.384+0000] {manager.py:821} INFO - Searching for files in /opt/airflow/dags
[2025-08-07T23:40:31.393+0000] {manager.py:824} INFO - There are 0 files in /opt/airflow/dags
[2025-08-07T23:45:31.906+0000] {manager.py:821} INFO - Searching for files in /opt/airflow/dags
[2025-08-07T23:45:31.914+0000] {manager.py:824} INFO - There are 0 files in /opt/airflow/dags
[2025-08-07T23:50:32.484+0000] {manager.py:821} INFO - Searching for files in /opt/airflow/dags
[2025-08-07T23:50:32.488+0000] {manager.py:824} INFO - There are 0 files in /opt/airflow/dags
[2025-08-07T23:55:32.895+0000] {manager.py:821} INFO - Searching for files in /opt/airflow/dags
[2025-08-07T23:55:32.898+0000] {manager.py:824} INFO - There are 0 files in /opt/airflow/dags
[2025-08-08T00:00:33.513+0000] {manager.py:821} INFO - Searching for files in /opt/airflow/dags
[2025-08-08T00:00:33.522+0000] {manager.py:824} INFO - There are 0 files in /opt/airflow/dags
[2025-08-08T00:05:55.849+0000] {manager.py:821} INFO - Searching for files in /opt/airflow/dags
[2025-08-08T00:05:55.854+0000] {manager.py:824} INFO - There are 0 files in /opt/airflow/dags
[2025-08-08T00:15:42.563+0000] {manager.py:821} INFO - Searching for files in /opt/airflow/dags
[2025-08-08T00:15:42.566+0000] {manager.py:824} INFO - There are 0 files in /opt/airflow/dags
[2025-08-08T00:20:43.183+0000] {manager.py:821} INFO - Searching for files in /opt/airflow/dags
[2025-08-08T00:20:43.191+0000] {manager.py:824} INFO - There are 0 files in /opt/airflow/dags
[2025-08-08T00:25:43.900+0000] {manager.py:821} INFO - Searching for files in /opt/airflow/dags
[2025-08-08T00:25:43.906+0000] {manager.py:824} INFO - There are 0 files in /opt/airflow/dags
[2025-08-08T00:30:44.261+0000] {manager.py:821} INFO - Searching for files in /opt/airflow/dags
[2025-08-08T00:30:44.267+0000] {manager.py:824} INFO - There are 0 files in /opt/airflow/dags
[2025-08-08T00:35:44.523+0000] {manager.py:821} INFO - Searching for files in /opt/airflow/dags
[2025-08-08T00:35:44.529+0000] {manager.py:824} INFO - There are 0 files in /opt/airflow/dags
[2025-08-08T00:40:44.956+0000] {manager.py:821} INFO - Searching for files in /opt/airflow/dags
[2025-08-08T00:40:44.961+0000] {manager.py:824} INFO - There are 0 files in /opt/airflow/dags
[2025-08-08T00:45:45.456+0000] {manager.py:821} INFO - Searching for files in /opt/airflow/dags
[2025-08-08T00:45:45.460+0000] {manager.py:824} INFO - There are 0 files in /opt/airflow/dags
[2025-08-08T00:50:46.094+0000] {manager.py:821} INFO - Searching for files in /opt/airflow/dags
[2025-08-08T00:50:46.101+0000] {manager.py:824} INFO - There are 0 files in /opt/airflow/dags
[2025-08-08T00:55:46.421+0000] {manager.py:821} INFO - Searching for files in /opt/airflow/dags
[2025-08-08T00:55:46.425+0000] {manager.py:824} INFO - There are 0 files in /opt/airflow/dags
[2025-08-08T01:00:47.188+0000] {manager.py:821} INFO - Searching for files in /opt/airflow/dags
[2025-08-08T01:00:47.192+0000] {manager.py:824} INFO - There are 0 files in /opt/airflow/dags
[2025-08-08T01:05:47.641+0000] {manager.py:821} INFO - Searching for files in /opt/airflow/dags
[2025-08-08T01:05:47.644+0000] {manager.py:824} INFO - There are 0 files in /opt/airflow/dags
[2025-08-08T01:10:48.125+0000] {manager.py:821} INFO - Searching for files in /opt/airflow/dags
[2025-08-08T01:10:48.131+0000] {manager.py:824} INFO - There are 0 files in /opt/airflow/dags
[2025-08-08T01:15:48.556+0000] {manager.py:821} INFO - Searching for files in /opt/airflow/dags
[2025-08-08T01:15:48.561+0000] {manager.py:824} INFO - There are 0 files in /opt/airflow/dags
[2025-08-08T01:20:48.882+0000] {manager.py:821} INFO - Searching for files in /opt/airflow/dags
[2025-08-08T01:20:48.885+0000] {manager.py:824} INFO - There are 0 files in /opt/airflow/dags
[2025-08-08T01:25:49.177+0000] {manager.py:821} INFO - Searching for files in /opt/airflow/dags
[2025-08-08T01:25:49.182+0000] {manager.py:824} INFO - There are 0 files in /opt/airflow/dags
[2025-08-08T01:30:49.728+0000] {manager.py:821} INFO - Searching for files in /opt/airflow/dags
[2025-08-08T01:30:49.732+0000] {manager.py:824} INFO - There are 0 files in /opt/airflow/dags
[2025-08-08T01:35:50.415+0000] {manager.py:821} INFO - Searching for files in /opt/airflow/dags
[2025-08-08T01:35:50.423+0000] {manager.py:824} INFO - There are 0 files in /opt/airflow/dags
[2025-08-08T01:40:51.022+0000] {manager.py:821} INFO - Searching for files in /opt/airflow/dags
[2025-08-08T01:40:51.026+0000] {manager.py:824} INFO - There are 0 files in /opt/airflow/dags
[2025-08-08T01:45:51.768+0000] {manager.py:821} INFO - Searching for files in /opt/airflow/dags
[2025-08-08T01:45:51.773+0000] {manager.py:824} INFO - There are 0 files in /opt/airflow/dags
[2025-08-08T01:50:52.489+0000] {manager.py:821} INFO - Searching for files in /opt/airflow/dags
[2025-08-08T01:50:52.490+0000] {manager.py:824} INFO - There are 0 files in /opt/airflow/dags
[2025-08-08T01:55:53.122+0000] {manager.py:821} INFO - Searching for files in /opt/airflow/dags
[2025-08-08T01:55:53.124+0000] {manager.py:824} INFO - There are 0 files in /opt/airflow/dags
[2025-08-08T02:00:53.935+0000] {manager.py:821} INFO - Searching for files in /opt/airflow/dags
[2025-08-08T02:00:53.940+0000] {manager.py:824} INFO - There are 0 files in /opt/airflow/dags
[2025-08-08T02:05:54.536+0000] {manager.py:821} INFO - Searching for files in /opt/airflow/dags
[2025-08-08T02:05:54.540+0000] {manager.py:824} INFO - There are 0 files in /opt/airflow/dags
[2025-08-08T02:10:54.989+0000] {manager.py:821} INFO - Searching for files in /opt/airflow/dags
[2025-08-08T02:10:54.996+0000] {manager.py:824} INFO - There are 0 files in /opt/airflow/dags
[2025-08-08T02:15:55.307+0000] {manager.py:821} INFO - Searching for files in /opt/airflow/dags
[2025-08-08T02:15:55.404+0000] {manager.py:824} INFO - There are 0 files in /opt/airflow/dags
[2025-08-08T02:20:55.688+0000] {manager.py:821} INFO - Searching for files in /opt/airflow/dags
[2025-08-08T02:20:55.692+0000] {manager.py:824} INFO - There are 0 files in /opt/airflow/dags
[2025-08-08T02:25:56.207+0000] {manager.py:821} INFO - Searching for files in /opt/airflow/dags
[2025-08-08T02:25:56.211+0000] {manager.py:824} INFO - There are 0 files in /opt/airflow/dags
[2025-08-08T02:30:56.700+0000] {manager.py:821} INFO - Searching for files in /opt/airflow/dags
[2025-08-08T02:30:56.702+0000] {manager.py:824} INFO - There are 0 files in /opt/airflow/dags
[2025-08-08T02:35:57.159+0000] {manager.py:821} INFO - Searching for files in /opt/airflow/dags
[2025-08-08T02:35:57.164+0000] {manager.py:824} INFO - There are 0 files in /opt/airflow/dags
[2025-08-08T02:40:57.784+0000] {manager.py:821} INFO - Searching for files in /opt/airflow/dags
[2025-08-08T02:40:57.789+0000] {manager.py:824} INFO - There are 0 files in /opt/airflow/dags
[2025-08-08T02:45:58.175+0000] {manager.py:821} INFO - Searching for files in /opt/airflow/dags
[2025-08-08T02:45:58.179+0000] {manager.py:824} INFO - There are 0 files in /opt/airflow/dags
[2025-08-08T02:50:58.608+0000] {manager.py:821} INFO - Searching for files in /opt/airflow/dags
[2025-08-08T02:50:58.612+0000] {manager.py:824} INFO - There are 0 files in /opt/airflow/dags
[2025-08-08T02:55:58.967+0000] {manager.py:821} INFO - Searching for files in /opt/airflow/dags
[2025-08-08T02:55:58.969+0000] {manager.py:824} INFO - There are 0 files in /opt/airflow/dags
[2025-08-08T03:00:59.167+0000] {manager.py:821} INFO - Searching for files in /opt/airflow/dags
[2025-08-08T03:00:59.170+0000] {manager.py:824} INFO - There are 0 files in /opt/airflow/dags
[2025-08-08T03:05:59.600+0000] {manager.py:821} INFO - Searching for files in /opt/airflow/dags
[2025-08-08T03:05:59.605+0000] {manager.py:824} INFO - There are 0 files in /opt/airflow/dags
[2025-08-08T03:11:00.185+0000] {manager.py:821} INFO - Searching for files in /opt/airflow/dags
[2025-08-08T03:11:00.191+0000] {manager.py:824} INFO - There are 0 files in /opt/airflow/dags
[2025-08-08T03:16:00.722+0000] {manager.py:821} INFO - Searching for files in /opt/airflow/dags
[2025-08-08T03:16:00.725+0000] {manager.py:824} INFO - There are 0 files in /opt/airflow/dags
[2025-08-08T03:21:01.244+0000] {manager.py:821} INFO - Searching for files in /opt/airflow/dags
[2025-08-08T03:21:01.246+0000] {manager.py:824} INFO - There are 0 files in /opt/airflow/dags
[2025-08-08T03:26:01.615+0000] {manager.py:821} INFO - Searching for files in /opt/airflow/dags
[2025-08-08T03:26:01.621+0000] {manager.py:824} INFO - There are 0 files in /opt/airflow/dags
[2025-08-08T03:31:02.068+0000] {manager.py:821} INFO - Searching for files in /opt/airflow/dags
[2025-08-08T03:31:02.072+0000] {manager.py:824} INFO - There are 0 files in /opt/airflow/dags
[2025-08-08T03:36:02.498+0000] {manager.py:821} INFO - Searching for files in /opt/airflow/dags
[2025-08-08T03:36:02.502+0000] {manager.py:824} INFO - There are 0 files in /opt/airflow/dags
[2025-08-08T03:41:02.903+0000] {manager.py:821} INFO - Searching for files in /opt/airflow/dags
[2025-08-08T03:41:02.907+0000] {manager.py:824} INFO - There are 0 files in /opt/airflow/dags
[2025-08-08T03:46:03.409+0000] {manager.py:821} INFO - Searching for files in /opt/airflow/dags
[2025-08-08T03:46:03.412+0000] {manager.py:824} INFO - There are 0 files in /opt/airflow/dags
[2025-08-08T03:51:03.865+0000] {manager.py:821} INFO - Searching for files in /opt/airflow/dags
[2025-08-08T03:51:03.869+0000] {manager.py:824} INFO - There are 0 files in /opt/airflow/dags
[2025-08-08T03:56:04.304+0000] {manager.py:821} INFO - Searching for files in /opt/airflow/dags
[2025-08-08T03:56:04.310+0000] {manager.py:824} INFO - There are 0 files in /opt/airflow/dags
[2025-08-08T04:01:04.790+0000] {manager.py:821} INFO - Searching for files in /opt/airflow/dags
[2025-08-08T04:01:04.804+0000] {manager.py:824} INFO - There are 0 files in /opt/airflow/dags
[2025-08-08T04:06:04.957+0000] {manager.py:821} INFO - Searching for files in /opt/airflow/dags
[2025-08-08T04:06:04.966+0000] {manager.py:824} INFO - There are 0 files in /opt/airflow/dags
[2025-08-08T04:11:05.496+0000] {manager.py:821} INFO - Searching for files in /opt/airflow/dags
[2025-08-08T04:11:05.508+0000] {manager.py:824} INFO - There are 0 files in /opt/airflow/dags
[2025-08-08T04:16:06.228+0000] {manager.py:821} INFO - Searching for files in /opt/airflow/dags
[2025-08-08T04:16:06.232+0000] {manager.py:824} INFO - There are 0 files in /opt/airflow/dags
[2025-08-08T04:21:06.300+0000] {manager.py:821} INFO - Searching for files in /opt/airflow/dags
[2025-08-08T04:21:06.307+0000] {manager.py:824} INFO - There are 0 files in /opt/airflow/dags
[2025-08-08T04:26:07.067+0000] {manager.py:821} INFO - Searching for files in /opt/airflow/dags
[2025-08-08T04:26:07.073+0000] {manager.py:824} INFO - There are 0 files in /opt/airflow/dags
[2025-08-08T04:31:08.078+0000] {manager.py:821} INFO - Searching for files in /opt/airflow/dags
[2025-08-08T04:31:08.085+0000] {manager.py:824} INFO - There are 0 files in /opt/airflow/dags
[2025-08-08T04:36:08.904+0000] {manager.py:821} INFO - Searching for files in /opt/airflow/dags
[2025-08-08T04:36:08.909+0000] {manager.py:824} INFO - There are 0 files in /opt/airflow/dags
[2025-08-08T04:41:09.650+0000] {manager.py:821} INFO - Searching for files in /opt/airflow/dags
[2025-08-08T04:41:09.653+0000] {manager.py:824} INFO - There are 0 files in /opt/airflow/dags
[2025-08-08T04:48:18.129+0000] {manager.py:821} INFO - Searching for files in /opt/airflow/dags
[2025-08-08T04:48:18.132+0000] {manager.py:824} INFO - There are 0 files in /opt/airflow/dags
[2025-08-08T04:53:18.850+0000] {manager.py:821} INFO - Searching for files in /opt/airflow/dags
[2025-08-08T04:53:18.859+0000] {manager.py:824} INFO - There are 0 files in /opt/airflow/dags
[2025-08-08T04:58:19.510+0000] {manager.py:821} INFO - Searching for files in /opt/airflow/dags
[2025-08-08T04:58:19.516+0000] {manager.py:824} INFO - There are 0 files in /opt/airflow/dags
[2025-08-08T05:03:20.124+0000] {manager.py:821} INFO - Searching for files in /opt/airflow/dags
[2025-08-08T05:03:20.131+0000] {manager.py:824} INFO - There are 0 files in /opt/airflow/dags
[2025-08-08T05:08:20.711+0000] {manager.py:821} INFO - Searching for files in /opt/airflow/dags
[2025-08-08T05:08:20.714+0000] {manager.py:824} INFO - There are 0 files in /opt/airflow/dags
[2025-08-08T05:13:21.497+0000] {manager.py:821} INFO - Searching for files in /opt/airflow/dags
[2025-08-08T05:13:21.502+0000] {manager.py:824} INFO - There are 0 files in /opt/airflow/dags
[2025-08-08T05:18:22.119+0000] {manager.py:821} INFO - Searching for files in /opt/airflow/dags
[2025-08-08T05:18:22.124+0000] {manager.py:824} INFO - There are 0 files in /opt/airflow/dags
[2025-08-08T05:23:22.546+0000] {manager.py:821} INFO - Searching for files in /opt/airflow/dags
[2025-08-08T05:23:22.550+0000] {manager.py:824} INFO - There are 0 files in /opt/airflow/dags
[2025-08-08T05:28:23.066+0000] {manager.py:821} INFO - Searching for files in /opt/airflow/dags
[2025-08-08T05:28:23.074+0000] {manager.py:824} INFO - There are 0 files in /opt/airflow/dags
[2025-08-08T05:43:20.570+0000] {manager.py:821} INFO - Searching for files in /opt/airflow/dags
[2025-08-08T05:43:20.577+0000] {manager.py:824} INFO - There are 0 files in /opt/airflow/dags
[2025-08-08T05:48:20.575+0000] {manager.py:821} INFO - Searching for files in /opt/airflow/dags
[2025-08-08T05:48:20.585+0000] {manager.py:824} INFO - There are 0 files in /opt/airflow/dags
[2025-08-08T05:53:21.128+0000] {manager.py:821} INFO - Searching for files in /opt/airflow/dags
[2025-08-08T05:53:21.129+0000] {manager.py:824} INFO - There are 0 files in /opt/airflow/dags
